1572343726.257601 client started (6939): version 2.9a, socket /tmp//tmux-1000/default, protocol 8
1572343726.257638 on Linux 5.3.6-200.fc30.x86_64 #1 SMP Mon Oct 14 13:11:01 UTC 2019; libevent 2.1.8-stable (poll)
1572343726.257658 socket is /tmp//tmux-1000/default
1572343726.257684 trying connect
1572343726.257770 add peer 0x55bfe2de5ed0: 6 ((nil))
1572343726.257857 sending message 100 to peer 0x55bfe2de5ed0 (4 bytes)
1572343726.257866 sending message 101 to peer 0x55bfe2de5ed0 (7 bytes)
1572343726.257871 sending message 102 to peer 0x55bfe2de5ed0 (11 bytes)
1572343726.257876 sending message 108 to peer 0x55bfe2de5ed0 (56 bytes)
1572343726.257883 sending message 104 to peer 0x55bfe2de5ed0 (0 bytes)
1572343726.257889 sending message 107 to peer 0x55bfe2de5ed0 (4 bytes)
1572343726.257894 sending message 105 to peer 0x55bfe2de5ed0 (16 bytes)
1572343726.257899 sending message 105 to peer 0x55bfe2de5ed0 (33 bytes)
1572343726.257904 sending message 105 to peer 0x55bfe2de5ed0 (78 bytes)
1572343726.257909 sending message 105 to peer 0x55bfe2de5ed0 (18 bytes)
1572343726.257914 sending message 105 to peer 0x55bfe2de5ed0 (20 bytes)
1572343726.257920 sending message 105 to peer 0x55bfe2de5ed0 (24 bytes)
1572343726.257924 sending message 105 to peer 0x55bfe2de5ed0 (25 bytes)
1572343726.257929 sending message 105 to peer 0x55bfe2de5ed0 (58 bytes)
1572343726.257934 sending message 105 to peer 0x55bfe2de5ed0 (23 bytes)
1572343726.257939 sending message 105 to peer 0x55bfe2de5ed0 (22 bytes)
1572343726.257943 sending message 105 to peer 0x55bfe2de5ed0 (36 bytes)
1572343726.257948 sending message 105 to peer 0x55bfe2de5ed0 (23 bytes)
1572343726.257953 sending message 105 to peer 0x55bfe2de5ed0 (14 bytes)
1572343726.257958 sending message 105 to peer 0x55bfe2de5ed0 (27 bytes)
1572343726.257962 sending message 105 to peer 0x55bfe2de5ed0 (23 bytes)
1572343726.257967 sending message 105 to peer 0x55bfe2de5ed0 (47 bytes)
1572343726.257972 sending message 105 to peer 0x55bfe2de5ed0 (100 bytes)
1572343726.257976 sending message 105 to peer 0x55bfe2de5ed0 (53 bytes)
1572343726.257981 sending message 105 to peer 0x55bfe2de5ed0 (20 bytes)
1572343726.257989 sending message 105 to peer 0x55bfe2de5ed0 (21 bytes)
1572343726.257994 sending message 105 to peer 0x55bfe2de5ed0 (19 bytes)
1572343726.257999 sending message 105 to peer 0x55bfe2de5ed0 (15 bytes)
1572343726.258003 sending message 105 to peer 0x55bfe2de5ed0 (60 bytes)
1572343726.258008 sending message 105 to peer 0x55bfe2de5ed0 (25 bytes)
1572343726.258013 sending message 105 to peer 0x55bfe2de5ed0 (15 bytes)
1572343726.258017 sending message 105 to peer 0x55bfe2de5ed0 (21 bytes)
1572343726.258022 sending message 105 to peer 0x55bfe2de5ed0 (224 bytes)
1572343726.258027 sending message 105 to peer 0x55bfe2de5ed0 (46 bytes)
1572343726.258032 sending message 105 to peer 0x55bfe2de5ed0 (24 bytes)
1572343726.258037 sending message 105 to peer 0x55bfe2de5ed0 (50 bytes)
1572343726.258041 sending message 105 to peer 0x55bfe2de5ed0 (26 bytes)
1572343726.258046 sending message 105 to peer 0x55bfe2de5ed0 (18 bytes)
1572343726.258051 sending message 105 to peer 0x55bfe2de5ed0 (54 bytes)
1572343726.258065 sending message 105 to peer 0x55bfe2de5ed0 (16 bytes)
1572343726.258071 sending message 105 to peer 0x55bfe2de5ed0 (1512 bytes)
1572343726.258077 sending message 105 to peer 0x55bfe2de5ed0 (25 bytes)
1572343726.258082 sending message 105 to peer 0x55bfe2de5ed0 (17 bytes)
1572343726.258087 sending message 105 to peer 0x55bfe2de5ed0 (45 bytes)
1572343726.258092 sending message 105 to peer 0x55bfe2de5ed0 (157 bytes)
1572343726.258097 sending message 105 to peer 0x55bfe2de5ed0 (52 bytes)
1572343726.258102 sending message 105 to peer 0x55bfe2de5ed0 (23 bytes)
1572343726.258107 sending message 105 to peer 0x55bfe2de5ed0 (102 bytes)
1572343726.258112 sending message 105 to peer 0x55bfe2de5ed0 (33 bytes)
1572343726.258117 sending message 105 to peer 0x55bfe2de5ed0 (23 bytes)
1572343726.258122 sending message 105 to peer 0x55bfe2de5ed0 (12 bytes)
1572343726.258127 sending message 105 to peer 0x55bfe2de5ed0 (58 bytes)
1572343726.258138 sending message 105 to peer 0x55bfe2de5ed0 (10 bytes)
1572343726.258144 sending message 105 to peer 0x55bfe2de5ed0 (35 bytes)
1572343726.258148 sending message 105 to peer 0x55bfe2de5ed0 (12 bytes)
1572343726.258153 sending message 105 to peer 0x55bfe2de5ed0 (13 bytes)
1572343726.258158 sending message 105 to peer 0x55bfe2de5ed0 (13 bytes)
1572343726.258163 sending message 105 to peer 0x55bfe2de5ed0 (17 bytes)
1572343726.258168 sending message 105 to peer 0x55bfe2de5ed0 (8 bytes)
1572343726.258173 sending message 105 to peer 0x55bfe2de5ed0 (35 bytes)
1572343726.258178 sending message 105 to peer 0x55bfe2de5ed0 (24 bytes)
1572343726.258182 sending message 105 to peer 0x55bfe2de5ed0 (17 bytes)
1572343726.258187 sending message 105 to peer 0x55bfe2de5ed0 (11 bytes)
1572343726.258192 sending message 105 to peer 0x55bfe2de5ed0 (17 bytes)
1572343726.258197 sending message 105 to peer 0x55bfe2de5ed0 (31 bytes)
1572343726.258202 sending message 105 to peer 0x55bfe2de5ed0 (40 bytes)
1572343726.258207 sending message 105 to peer 0x55bfe2de5ed0 (27 bytes)
1572343726.258212 sending message 105 to peer 0x55bfe2de5ed0 (142 bytes)
1572343726.258217 sending message 105 to peer 0x55bfe2de5ed0 (13 bytes)
1572343726.258222 sending message 105 to peer 0x55bfe2de5ed0 (155 bytes)
1572343726.258227 sending message 105 to peer 0x55bfe2de5ed0 (863 bytes)
1572343726.258232 sending message 105 to peer 0x55bfe2de5ed0 (16 bytes)
1572343726.258251 sending message 105 to peer 0x55bfe2de5ed0 (54 bytes)
1572343726.258258 sending message 105 to peer 0x55bfe2de5ed0 (28 bytes)
1572343726.258262 sending message 105 to peer 0x55bfe2de5ed0 (17 bytes)
1572343726.258268 sending message 105 to peer 0x55bfe2de5ed0 (27 bytes)
1572343726.258273 sending message 105 to peer 0x55bfe2de5ed0 (16 bytes)
1572343726.258278 sending message 106 to peer 0x55bfe2de5ed0 (0 bytes)
1572343726.258283 sending message 200 to peer 0x55bfe2de5ed0 (4 bytes)
1572343726.258288 client loop enter
1572343726.258744 peer 0x55bfe2de5ed0 message 211
1572343726.258759 client_write: sessions should be nested with care, unset $TMUX to force\n
1572343726.258774 peer 0x55bfe2de5ed0 message 203
1572343726.258781 client loop exit
