1572343707.820242 client started (6828): version 2.9a, socket /tmp//tmux-1000/default, protocol 8
1572343707.820284 on Linux 5.3.6-200.fc30.x86_64 #1 SMP Mon Oct 14 13:11:01 UTC 2019; libevent 2.1.8-stable (poll)
1572343707.820310 socket is /tmp//tmux-1000/default
1572343707.820339 trying connect
1572343707.820407 add peer 0x5644e8b36ed0: 6 ((nil))
1572343707.820551 sending message 100 to peer 0x5644e8b36ed0 (4 bytes)
1572343707.820560 sending message 101 to peer 0x5644e8b36ed0 (7 bytes)
1572343707.820564 sending message 102 to peer 0x5644e8b36ed0 (11 bytes)
1572343707.820568 sending message 108 to peer 0x5644e8b36ed0 (56 bytes)
1572343707.820573 sending message 104 to peer 0x5644e8b36ed0 (0 bytes)
1572343707.820578 sending message 107 to peer 0x5644e8b36ed0 (4 bytes)
1572343707.820582 sending message 105 to peer 0x5644e8b36ed0 (16 bytes)
1572343707.820586 sending message 105 to peer 0x5644e8b36ed0 (33 bytes)
1572343707.820590 sending message 105 to peer 0x5644e8b36ed0 (78 bytes)
1572343707.820594 sending message 105 to peer 0x5644e8b36ed0 (18 bytes)
1572343707.820599 sending message 105 to peer 0x5644e8b36ed0 (20 bytes)
1572343707.820603 sending message 105 to peer 0x5644e8b36ed0 (24 bytes)
1572343707.820607 sending message 105 to peer 0x5644e8b36ed0 (25 bytes)
1572343707.820611 sending message 105 to peer 0x5644e8b36ed0 (58 bytes)
1572343707.820615 sending message 105 to peer 0x5644e8b36ed0 (23 bytes)
1572343707.820619 sending message 105 to peer 0x5644e8b36ed0 (22 bytes)
1572343707.820622 sending message 105 to peer 0x5644e8b36ed0 (36 bytes)
1572343707.820626 sending message 105 to peer 0x5644e8b36ed0 (23 bytes)
1572343707.820630 sending message 105 to peer 0x5644e8b36ed0 (14 bytes)
1572343707.820634 sending message 105 to peer 0x5644e8b36ed0 (27 bytes)
1572343707.820638 sending message 105 to peer 0x5644e8b36ed0 (23 bytes)
1572343707.820641 sending message 105 to peer 0x5644e8b36ed0 (47 bytes)
1572343707.820645 sending message 105 to peer 0x5644e8b36ed0 (100 bytes)
1572343707.820649 sending message 105 to peer 0x5644e8b36ed0 (53 bytes)
1572343707.820653 sending message 105 to peer 0x5644e8b36ed0 (20 bytes)
1572343707.820660 sending message 105 to peer 0x5644e8b36ed0 (21 bytes)
1572343707.820664 sending message 105 to peer 0x5644e8b36ed0 (19 bytes)
1572343707.820668 sending message 105 to peer 0x5644e8b36ed0 (15 bytes)
1572343707.820671 sending message 105 to peer 0x5644e8b36ed0 (60 bytes)
1572343707.820675 sending message 105 to peer 0x5644e8b36ed0 (25 bytes)
1572343707.820679 sending message 105 to peer 0x5644e8b36ed0 (15 bytes)
1572343707.820683 sending message 105 to peer 0x5644e8b36ed0 (21 bytes)
1572343707.820687 sending message 105 to peer 0x5644e8b36ed0 (224 bytes)
1572343707.820691 sending message 105 to peer 0x5644e8b36ed0 (46 bytes)
1572343707.820695 sending message 105 to peer 0x5644e8b36ed0 (24 bytes)
1572343707.820698 sending message 105 to peer 0x5644e8b36ed0 (50 bytes)
1572343707.820702 sending message 105 to peer 0x5644e8b36ed0 (26 bytes)
1572343707.820706 sending message 105 to peer 0x5644e8b36ed0 (18 bytes)
1572343707.820710 sending message 105 to peer 0x5644e8b36ed0 (54 bytes)
1572343707.820722 sending message 105 to peer 0x5644e8b36ed0 (16 bytes)
1572343707.820727 sending message 105 to peer 0x5644e8b36ed0 (1512 bytes)
1572343707.820732 sending message 105 to peer 0x5644e8b36ed0 (25 bytes)
1572343707.820736 sending message 105 to peer 0x5644e8b36ed0 (17 bytes)
1572343707.820740 sending message 105 to peer 0x5644e8b36ed0 (45 bytes)
1572343707.820744 sending message 105 to peer 0x5644e8b36ed0 (157 bytes)
1572343707.820748 sending message 105 to peer 0x5644e8b36ed0 (52 bytes)
1572343707.820752 sending message 105 to peer 0x5644e8b36ed0 (23 bytes)
1572343707.820756 sending message 105 to peer 0x5644e8b36ed0 (102 bytes)
1572343707.820760 sending message 105 to peer 0x5644e8b36ed0 (33 bytes)
1572343707.820764 sending message 105 to peer 0x5644e8b36ed0 (23 bytes)
1572343707.820768 sending message 105 to peer 0x5644e8b36ed0 (12 bytes)
1572343707.820772 sending message 105 to peer 0x5644e8b36ed0 (58 bytes)
1572343707.820782 sending message 105 to peer 0x5644e8b36ed0 (10 bytes)
1572343707.820787 sending message 105 to peer 0x5644e8b36ed0 (35 bytes)
1572343707.820791 sending message 105 to peer 0x5644e8b36ed0 (12 bytes)
1572343707.820795 sending message 105 to peer 0x5644e8b36ed0 (13 bytes)
1572343707.820799 sending message 105 to peer 0x5644e8b36ed0 (13 bytes)
1572343707.820803 sending message 105 to peer 0x5644e8b36ed0 (17 bytes)
1572343707.820807 sending message 105 to peer 0x5644e8b36ed0 (8 bytes)
1572343707.820811 sending message 105 to peer 0x5644e8b36ed0 (35 bytes)
1572343707.820814 sending message 105 to peer 0x5644e8b36ed0 (24 bytes)
1572343707.820818 sending message 105 to peer 0x5644e8b36ed0 (17 bytes)
1572343707.820822 sending message 105 to peer 0x5644e8b36ed0 (11 bytes)
1572343707.820826 sending message 105 to peer 0x5644e8b36ed0 (17 bytes)
1572343707.820830 sending message 105 to peer 0x5644e8b36ed0 (31 bytes)
1572343707.820834 sending message 105 to peer 0x5644e8b36ed0 (40 bytes)
1572343707.820838 sending message 105 to peer 0x5644e8b36ed0 (27 bytes)
1572343707.820842 sending message 105 to peer 0x5644e8b36ed0 (142 bytes)
1572343707.820846 sending message 105 to peer 0x5644e8b36ed0 (13 bytes)
1572343707.820850 sending message 105 to peer 0x5644e8b36ed0 (155 bytes)
1572343707.820855 sending message 105 to peer 0x5644e8b36ed0 (863 bytes)
1572343707.820859 sending message 105 to peer 0x5644e8b36ed0 (16 bytes)
1572343707.820863 sending message 105 to peer 0x5644e8b36ed0 (54 bytes)
1572343707.820867 sending message 105 to peer 0x5644e8b36ed0 (28 bytes)
1572343707.820871 sending message 105 to peer 0x5644e8b36ed0 (17 bytes)
1572343707.820875 sending message 105 to peer 0x5644e8b36ed0 (27 bytes)
1572343707.820879 sending message 105 to peer 0x5644e8b36ed0 (16 bytes)
1572343707.820883 sending message 106 to peer 0x5644e8b36ed0 (0 bytes)
1572343707.820887 sending message 200 to peer 0x5644e8b36ed0 (4 bytes)
1572343707.820891 client loop enter
1572343707.821372 peer 0x5644e8b36ed0 message 211
1572343707.821385 client_write: sessions should be nested with care, unset $TMUX to force\n
1572343707.821396 peer 0x5644e8b36ed0 message 203
1572343707.821402 client loop exit
